<?xml version="1.0" encoding="UTF-8"?>
<testsuite name="PeopleTest" tests="2" skipped="0" failures="0" errors="0" timestamp="2017-11-08T11:34:51" hostname="DESKTOP-2N7DP3U" time="0.033">
  <properties/>
  <testcase name="getBirthYear" classname="PeopleTest" time="0.01"/>
  <testcase name="getOlder" classname="PeopleTest" time="0.006"/>
  <system-out><![CDATA[]]></system-out>
  <system-err><![CDATA[]]></system-err>
</testsuite>
